\BOOKMARK [0][]{chapter*.4}{INTRODUCCI\323N}{}% 1
\BOOKMARK [0][]{chapter.1}{Fundamentos Te\363ricos}{}% 2
\BOOKMARK [1][]{section.1.1}{Miner\355a de texto}{chapter.1}% 3
\BOOKMARK [1][]{section.1.2}{Bag of Words \(Bolsa de palabras, BoW\)}{chapter.1}% 4
\BOOKMARK [1][]{section.1.3}{Term Frequency \204 Inverse Document Frequency \(T\351rmino de Frecuencia - Frecuencia inversa del documento,TF-IDF\)}{chapter.1}% 5
\BOOKMARK [1][]{section.1.4}{Topic Modeling Latent Dirichlet Allocation \( Modelado de temas, LDA\)}{chapter.1}% 6
\BOOKMARK [1][]{section.1.5}{Word2vec}{chapter.1}% 7
\BOOKMARK [1][]{section.1.6}{Document Embeddings con Doc2Vec}{chapter.1}% 8
\BOOKMARK [1][]{section.1.7}{K-means \(K-M\)}{chapter.1}% 9
\BOOKMARK [1][]{section.1.8}{Antecedentes}{chapter.1}% 10
\BOOKMARK [0][]{chapter.2}{Materiales y M\351todos}{}% 11
\BOOKMARK [1][]{section.2.1}{Comprensi\363n del problema}{chapter.2}% 12
\BOOKMARK [1][]{section.2.2}{Comprensi\363n de los datos}{chapter.2}% 13
\BOOKMARK [1][]{section.2.3}{Preparaci\363n de los datos}{chapter.2}% 14
\BOOKMARK [1][]{section.2.4}{Modelado}{chapter.2}% 15
\BOOKMARK [1][]{section.2.5}{Evaluaci\363n}{chapter.2}% 16
\BOOKMARK [1][]{section.2.6}{Implementaci\363n}{chapter.2}% 17
\BOOKMARK [0][]{chapter.3}{Resultados}{}% 18
\BOOKMARK [1][]{section.3.1}{Comprensi\363n del problema y preparaci\363n de los datos}{chapter.3}% 19
\BOOKMARK [1][]{section.3.2}{Modelado}{chapter.3}% 20
\BOOKMARK [1][]{section.3.3}{Implementaci\363n}{chapter.3}% 21
\BOOKMARK [1][]{section.3.4}{Casos de prueba para trabajos de grado relacionados conceptualmente propuestos por Maskana.}{chapter.3}% 22
\BOOKMARK [0][]{chapter.4}{Discusi\363n }{}% 23
\BOOKMARK [1][]{section.4.1}{Comparaci\363n de relaciones categoriales de trabajos de grado de acuerdo a su dominio de conocimiento.}{chapter.4}% 24
\BOOKMARK [1][]{section.4.2}{Comparaci\363n de los dominios de conocimiento entrenados.}{chapter.4}% 25
\BOOKMARK [0][]{chapter.5}{ CONCLUSIONES Y TRABAJOS FUTUROS}{}% 26
\BOOKMARK [0][]{chapter*.5}{REFERENCIAS}{}% 27
