This is pdfTeX, Version 3.14159265-2.6-1.40.21 (MiKTeX 20.6.29) (preloaded format=pdflatex 2020.8.18)  29 JAN 2021 17:09
entering extended mode
**./tesis.tex
(tesis.tex
LaTeX2e <2020-02-02> patch level 5
L3 programming layer <2020-06-18> (csthesis.cls
Document Class: csthesis 1998/07/22 v0.1 Computer Science Thesis Class - PUJ
(C:\Users\JBARCO\AppData\Local\Programs\MiKTeX\tex/latex/base\ifthen.sty
Package: ifthen 2014/09/29 v1.1c Standard LaTeX ifthen package (DPC)
)
("C:\Program Files\MiKTeX\tex/latex/vmargin\vmargin.sty"
Package: vmargin 2004/07/15 V2.5 set document margins (VK)

Package: vmargin 2004/07/15 V2.5 set document margins (VK)
\PaperWidth=\dimen134
\PaperHeight=\dimen135
) (C:\Users\JBARCO\AppData\Local\Programs\MiKTeX\tex/latex/base\report.cls
Document Class: report 2019/12/20 v1.4l Standard LaTeX document class
(C:\Users\JBARCO\AppData\Local\Programs\MiKTeX\tex/latex/base\size12.clo
File: size12.clo 2019/12/20 v1.4l Standard LaTeX file (size option)
)
\c@part=\count167
\c@chapter=\count168
\c@section=\count169
\c@subsection=\count170
\c@subsubsection=\count171
\c@paragraph=\count172
\c@subparagraph=\count173
\c@figure=\count174
\c@table=\count175
\abovecaptionskip=\skip47
\belowcaptionskip=\skip48
\bibindent=\dimen136
))
(C:\Users\JBARCO\AppData\Local\Programs\MiKTeX\tex/generic/babel\babel.sty
Package: babel 2020/06/10 3.45 The Babel package

(C:\Users\JBARCO\AppData\Local\Programs\MiKTeX\tex/generic/babel\babel.def
File: babel.def 2020/06/10 3.45 Babel common definitions
\babel@savecnt=\count176
\U@D=\dimen137
\l@babelnohyphens=\language79

(C:\Users\JBARCO\AppData\Local\Programs\MiKTeX\tex/generic/babel\txtbabel.def)
\bbl@readstream=\read2
)
\bbl@dirlevel=\count177
*************************************
* Local config file bblopts.cfg used
*
(C:\Users\JBARCO\AppData\Local\Programs\MiKTeX\tex/latex/arabi\bblopts.cfg
File: bblopts.cfg 2005/09/08 v0.1 add Arabic and Farsi to "declared" options of
 babel
)
("C:\Program Files\MiKTeX\tex/latex/babel-spanish\spanish.ldf"
Language: spanish.ldf 2016/03/03 v5.0p Spanish support from the babel system
\es@quottoks=\toks15
\es@quotdepth=\count178
Package babel Info: Making " an active character on input line 561.
Package babel Info: Making . an active character on input line 662.
Package babel Info: Making < an active character on input line 707.
Package babel Info: Making > an active character on input line 707.
)
(C:\Users\JBARCO\AppData\Local\Programs\MiKTeX\tex/latex/babel-english\USenglis
h.ldf
Language: USenglish 2017/06/06 v3.3r English support from the babel system

(C:\Users\JBARCO\AppData\Local\Programs\MiKTeX\tex/latex/babel-english\english.
ldf
Language: english 2017/06/06 v3.3r English support from the babel system
Package babel Info: \l@canadian = using hyphenrules for english
(babel)             (\language0) on input line 102.
Package babel Info: \l@australian = using hyphenrules for ukenglish
(babel)             (\language73) on input line 105.
Package babel Info: \l@newzealand = using hyphenrules for ukenglish
(babel)             (\language73) on input line 108.
)))
(C:\Users\JBARCO\AppData\Local\Programs\MiKTeX\tex/latex/base\inputenc.sty
Package: inputenc 2018/08/11 v1.3c Input encoding file
\inpenc@prehook=\toks16
\inpenc@posthook=\toks17
)
(C:\Users\JBARCO\AppData\Local\Programs\MiKTeX\tex/latex/lm\lmodern.sty
Package: lmodern 2009/10/30 v1.6 Latin Modern Fonts
LaTeX Font Info:    Overwriting symbol font `operators' in version `normal'
(Font)                  OT1/cmr/m/n --> OT1/lmr/m/n on input line 22.
LaTeX Font Info:    Overwriting symbol font `letters' in version `normal'
(Font)                  OML/cmm/m/it --> OML/lmm/m/it on input line 23.
LaTeX Font Info:    Overwriting symbol font `symbols' in version `normal'
(Font)                  OMS/cmsy/m/n --> OMS/lmsy/m/n on input line 24.
LaTeX Font Info:    Overwriting symbol font `largesymbols' in version `normal'
(Font)                  OMX/cmex/m/n --> OMX/lmex/m/n on input line 25.
LaTeX Font Info:    Overwriting symbol font `operators' in version `bold'
(Font)                  OT1/cmr/bx/n --> OT1/lmr/bx/n on input line 26.
LaTeX Font Info:    Overwriting symbol font `letters' in version `bold'
(Font)                  OML/cmm/b/it --> OML/lmm/b/it on input line 27.
LaTeX Font Info:    Overwriting symbol font `symbols' in version `bold'
(Font)                  OMS/cmsy/b/n --> OMS/lmsy/b/n on input line 28.
LaTeX Font Info:    Overwriting symbol font `largesymbols' in version `bold'
(Font)                  OMX/cmex/m/n --> OMX/lmex/m/n on input line 29.
LaTeX Font Info:    Overwriting math alphabet `\mathbf' in version `normal'
(Font)                  OT1/cmr/bx/n --> OT1/lmr/bx/n on input line 31.
LaTeX Font Info:    Overwriting math alphabet `\mathsf' in version `normal'
(Font)                  OT1/cmss/m/n --> OT1/lmss/m/n on input line 32.
LaTeX Font Info:    Overwriting math alphabet `\mathit' in version `normal'
(Font)                  OT1/cmr/m/it --> OT1/lmr/m/it on input line 33.
LaTeX Font Info:    Overwriting math alphabet `\mathtt' in version `normal'
(Font)                  OT1/cmtt/m/n --> OT1/lmtt/m/n on input line 34.
LaTeX Font Info:    Overwriting math alphabet `\mathbf' in version `bold'
(Font)                  OT1/cmr/bx/n --> OT1/lmr/bx/n on input line 35.
LaTeX Font Info:    Overwriting math alphabet `\mathsf' in version `bold'
(Font)                  OT1/cmss/bx/n --> OT1/lmss/bx/n on input line 36.
LaTeX Font Info:    Overwriting math alphabet `\mathit' in version `bold'
(Font)                  OT1/cmr/bx/it --> OT1/lmr/bx/it on input line 37.
LaTeX Font Info:    Overwriting math alphabet `\mathtt' in version `bold'
(Font)                  OT1/cmtt/m/n --> OT1/lmtt/m/n on input line 38.
)
(C:\Users\JBARCO\AppData\Local\Programs\MiKTeX\tex/latex/base\fontenc.sty
Package: fontenc 2020/02/11 v2.0o Standard LaTeX package
LaTeX Font Info:    Trying to load font information for T1+lmr on input line 11
2.

(C:\Users\JBARCO\AppData\Local\Programs\MiKTeX\tex/latex/lm\t1lmr.fd
File: t1lmr.fd 2009/10/30 v1.6 Font defs for Latin Modern
))
(cc/CreativeCommons.sty
(C:\Users\JBARCO\AppData\Local\Programs\MiKTeX\tex/latex/graphics\graphics.sty
Package: graphics 2019/11/30 v1.4a Standard LaTeX Graphics (DPC,SPQR)

(C:\Users\JBARCO\AppData\Local\Programs\MiKTeX\tex/latex/graphics\trig.sty
Package: trig 2016/01/03 v1.10 sin cos tan (DPC)
)
(C:\Users\JBARCO\AppData\Local\Programs\MiKTeX\tex/latex/graphics-cfg\graphics.
cfg
File: graphics.cfg 2016/06/04 v1.11 sample graphics configuration
)
Package graphics Info: Driver file: pdftex.def on input line 105.

(C:\Users\JBARCO\AppData\Local\Programs\MiKTeX\tex/latex/graphics-def\pdftex.de
f
File: pdftex.def 2018/01/08 v1.0l Graphics/color driver for pdftex
)) (C:\Users\JBARCO\AppData\Local\Programs\MiKTeX\tex/latex/graphics\color.sty
Package: color 2019/11/23 v1.2a Standard LaTeX Color (DPC)

(C:\Users\JBARCO\AppData\Local\Programs\MiKTeX\tex/latex/graphics-cfg\color.cfg
File: color.cfg 2016/01/02 v1.6 sample color configuration
)
Package color Info: Driver file: pdftex.def on input line 147.
) (C:\Users\JBARCO\AppData\Local\Programs\MiKTeX\tex/latex/url\url.sty
\Urlmuskip=\muskip16
Package: url 2013/09/16  ver 3.4  Verb mode for urls, etc.
)
\imarg=\skip49
\parw=\skip50
)
(C:\Users\JBARCO\AppData\Local\Programs\MiKTeX\tex/latex/listings\listings.sty
(C:\Users\JBARCO\AppData\Local\Programs\MiKTeX\tex/latex/graphics\keyval.sty
Package: keyval 2014/10/28 v1.15 key=value parser (DPC)
\KV@toks@=\toks18
)
\lst@mode=\count179
\lst@gtempboxa=\box45
\lst@token=\toks19
\lst@length=\count180
\lst@currlwidth=\dimen138
\lst@column=\count181
\lst@pos=\count182
\lst@lostspace=\dimen139
\lst@width=\dimen140
\lst@newlines=\count183
\lst@lineno=\count184
\lst@maxwidth=\dimen141

(C:\Users\JBARCO\AppData\Local\Programs\MiKTeX\tex/latex/listings\lstmisc.sty
File: lstmisc.sty 2020/03/24 1.8d (Carsten Heinz)
\c@lstnumber=\count185
\lst@skipnumbers=\count186
\lst@framebox=\box46
)
(C:\Users\JBARCO\AppData\Local\Programs\MiKTeX\tex/latex/listings\listings.cfg
File: listings.cfg 2020/03/24 1.8d listings configuration
))
Package: listings 2020/03/24 1.8d (Carsten Heinz)
 (C:\Users\JBARCO\AppData\Local\Programs\MiKTeX\tex/latex/tools\verbatim.sty
Package: verbatim 2019/11/10 v1.5r LaTeX2e package for verbatim enhancements
\every@verbatim=\toks20
\verbatim@line=\toks21
\verbatim@in@stream=\read3
)
("C:\Program Files\MiKTeX\tex/latex/moreverb\moreverb.sty"
Package: moreverb 2008/06/03 v2.3a `more' verbatim facilities
\tab@position=\count187
\tab@size=\count188
\listing@line=\count189
)
(C:\Users\JBARCO\AppData\Local\Programs\MiKTeX\tex/latex/hyperref\hyperref.sty
Package: hyperref 2020-05-15 v7.00e Hypertext links for LaTeX

("C:\Program Files\MiKTeX\tex/generic/ltxcmds\ltxcmds.sty"
Package: ltxcmds 2019/12/15 v1.24 LaTeX kernel commands for general use (HO)
)
(C:\Users\JBARCO\AppData\Local\Programs\MiKTeX\tex/generic/iftex\iftex.sty
Package: iftex 2020/03/06 v1.0d TeX engine tests
)
(C:\Users\JBARCO\AppData\Local\Programs\MiKTeX\tex/generic/pdftexcmds\pdftexcmd
s.sty
Package: pdftexcmds 2020-06-27 v0.33 Utility functions of pdfTeX for LuaTeX (HO
)
 ("C:\Program Files\MiKTeX\tex/generic/infwarerr\infwarerr.sty"
Package: infwarerr 2019/12/03 v1.5 Providing info/warning/error messages (HO)
)
Package pdftexcmds Info: \pdf@primitive is available.
Package pdftexcmds Info: \pdf@ifprimitive is available.
Package pdftexcmds Info: \pdfdraftmode found.
)
("C:\Program Files\MiKTeX\tex/generic/kvsetkeys\kvsetkeys.sty"
Package: kvsetkeys 2019/12/15 v1.18 Key value parser (HO)
)
("C:\Program Files\MiKTeX\tex/generic/kvdefinekeys\kvdefinekeys.sty"
Package: kvdefinekeys 2019-12-19 v1.6 Define keys (HO)
)
("C:\Program Files\MiKTeX\tex/generic/pdfescape\pdfescape.sty"
Package: pdfescape 2019/12/09 v1.15 Implements pdfTeX's escape features (HO)
)
("C:\Program Files\MiKTeX\tex/latex/hycolor\hycolor.sty"
Package: hycolor 2020-01-27 v1.10 Color options for hyperref/bookmark (HO)
)
("C:\Program Files\MiKTeX\tex/latex/letltxmacro\letltxmacro.sty"
Package: letltxmacro 2019/12/03 v1.6 Let assignment for LaTeX macros (HO)
)
("C:\Program Files\MiKTeX\tex/latex/auxhook\auxhook.sty"
Package: auxhook 2019-12-17 v1.6 Hooks for auxiliary files (HO)
)
("C:\Program Files\MiKTeX\tex/latex/kvoptions\kvoptions.sty"
Package: kvoptions 2019/11/29 v3.13 Key value format for package options (HO)
)
\@linkdim=\dimen142
\Hy@linkcounter=\count190
\Hy@pagecounter=\count191

(C:\Users\JBARCO\AppData\Local\Programs\MiKTeX\tex/latex/hyperref\pd1enc.def
File: pd1enc.def 2020-05-15 v7.00e Hyperref: PDFDocEncoding definition (HO)
Now handling font encoding PD1 ...
... no UTF-8 mapping file for font encoding PD1
)
("C:\Program Files\MiKTeX\tex/generic/intcalc\intcalc.sty"
Package: intcalc 2019/12/15 v1.3 Expandable calculations with integers (HO)
)
("C:\Program Files\MiKTeX\tex/generic/etexcmds\etexcmds.sty"
Package: etexcmds 2019/12/15 v1.7 Avoid name clashes with e-TeX commands (HO)
)
\Hy@SavedSpaceFactor=\count192


Package hyperref Warning: Option `b5paper' is no longer used.

Package hyperref Info: Option `breaklinks' set `true' on input line 4338.
Package hyperref Info: Option `colorlinks' set `false' on input line 4338.
Package hyperref Info: Option `pageanchor' set `true' on input line 4338.
Package hyperref Info: Option `plainpages' set `false' on input line 4338.
Package hyperref Info: Option `bookmarksopen' set `true' on input line 4338.
Package hyperref Info: Option `hyperfootnotes' set `false' on input line 4338.
Package hyperref Info: Hyper figures OFF on input line 4464.
Package hyperref Info: Link nesting OFF on input line 4469.
Package hyperref Info: Hyper index ON on input line 4472.
Package hyperref Info: Plain pages OFF on input line 4479.
Package hyperref Info: Backreferencing OFF on input line 4484.
Package hyperref Info: Implicit mode ON; LaTeX internals redefined.
Package hyperref Info: Bookmarks ON on input line 4717.
\c@Hy@tempcnt=\count193
LaTeX Info: Redefining \url on input line 5076.
\XeTeXLinkMargin=\dimen143
("C:\Program Files\MiKTeX\tex/generic/bitset\bitset.sty"
Package: bitset 2019/12/09 v1.3 Handle bit-vector datatype (HO)

("C:\Program Files\MiKTeX\tex/generic/bigintcalc\bigintcalc.sty"
Package: bigintcalc 2019/12/15 v1.5 Expandable calculations on big integers (HO
)
))
\Fld@menulength=\count194
\Field@Width=\dimen144
\Fld@charsize=\dimen145
Package hyperref Info: Hyper figures OFF on input line 6347.
Package hyperref Info: Link nesting OFF on input line 6352.
Package hyperref Info: Hyper index ON on input line 6355.
Package hyperref Info: backreferencing OFF on input line 6362.
Package hyperref Info: Link coloring OFF on input line 6367.
Package hyperref Info: Link coloring with OCG OFF on input line 6372.
Package hyperref Info: PDF/A mode OFF on input line 6377.
LaTeX Info: Redefining \ref on input line 6417.
LaTeX Info: Redefining \pageref on input line 6421.

("C:\Program Files\MiKTeX\tex/generic/atbegshi\atbegshi.sty"
Package: atbegshi 2019/12/05 v1.19 At begin shipout hook (HO)
)
\Hy@abspage=\count195
\c@Item=\count196
)
Package hyperref Info: Driver (autodetected): hpdftex.

(C:\Users\JBARCO\AppData\Local\Programs\MiKTeX\tex/latex/hyperref\hpdftex.def
File: hpdftex.def 2020-05-15 v7.00e Hyperref driver for pdfTeX

("C:\Program Files\MiKTeX\tex/latex/atveryend\atveryend.sty"
Package: atveryend 2019-12-11 v1.11 Hooks at the very end of document (HO)
Package atveryend Info: \enddocument detected (standard20110627).
)
\Fld@listcount=\count197
\c@bookmark@seq@number=\count198

("C:\Program Files\MiKTeX\tex/latex/rerunfilecheck\rerunfilecheck.sty"
Package: rerunfilecheck 2019/12/05 v1.9 Rerun checks for auxiliary files (HO)

("C:\Program Files\MiKTeX\tex/generic/uniquecounter\uniquecounter.sty"
Package: uniquecounter 2019/12/15 v1.4 Provide unlimited unique counter (HO)
)
Package uniquecounter Info: New unique counter `rerunfilecheck' on input line 2
86.
)
\Hy@SectionHShift=\skip51
)
("C:\Program Files\MiKTeX\tex/latex/supertabular\supertabular.sty"
Package: supertabular 2020/02/02 v4.1g the supertabular environment
\c@tracingst=\count199
\ST@wd=\dimen146
\ST@rightskip=\skip52
\ST@leftskip=\skip53
\ST@parfillskip=\skip54
\ST@pageleft=\dimen147
\ST@headht=\dimen148
\ST@tailht=\dimen149
\ST@pagesofar=\dimen150
\ST@pboxht=\dimen151
\ST@lineht=\dimen152
\ST@prevht=\dimen153
\ST@toadd=\dimen154
\ST@dimen=\dimen155
\ST@pbox=\box47
)
(C:\Users\JBARCO\AppData\Local\Programs\MiKTeX\tex/latex/base\latexsym.sty
Package: latexsym 1998/08/17 v2.2e Standard LaTeX package (lasy symbols)
\symlasy=\mathgroup4
LaTeX Font Info:    Overwriting symbol font `lasy' in version `bold'
(Font)                  U/lasy/m/n --> U/lasy/b/n on input line 52.
)
("C:\Program Files\MiKTeX\tex/latex/psnfss\pifont.sty"
Package: pifont 2020/03/25 PSNFSS-v9.3 Pi font support (SPQR) 
LaTeX Font Info:    Trying to load font information for U+pzd on input line 63.


("C:\Program Files\MiKTeX\tex/latex/psnfss\upzd.fd"
File: upzd.fd 2001/06/04 font definitions for U/pzd.
)
LaTeX Font Info:    Trying to load font information for U+psy on input line 64.


("C:\Program Files\MiKTeX\tex/latex/psnfss\upsy.fd"
File: upsy.fd 2001/06/04 font definitions for U/psy.
))
(C:\Users\JBARCO\AppData\Local\Programs\MiKTeX\tex/latex/amsfonts\amsfonts.sty
Package: amsfonts 2013/01/14 v3.01 Basic AMSFonts support
\@emptytoks=\toks22
\symAMSa=\mathgroup5
\symAMSb=\mathgroup6
LaTeX Font Info:    Redeclaring math symbol \hbar on input line 98.
LaTeX Font Info:    Overwriting math alphabet `\mathfrak' in version `bold'
(Font)                  U/euf/m/n --> U/euf/b/n on input line 106.
) (C:\Users\JBARCO\AppData\Local\Programs\MiKTeX\tex/latex/amsfonts\amssymb.sty
Package: amssymb 2013/01/14 v3.01 AMS font symbols
) ("C:\Program Files\MiKTeX\tex/latex/wasysym\wasysym.sty"
Package: wasysym 2020/01/19 v2.4 Wasy-2 symbol support package
\symwasy=\mathgroup7
LaTeX Font Info:    Overwriting symbol font `wasy' in version `bold'
(Font)                  U/wasy/m/n --> U/wasy/b/n on input line 93.
)
("C:\Program Files\MiKTeX\tex/latex/colortbl\colortbl.sty"
Package: colortbl 2020/01/04 v1.0e Color table columns (DPC)

(C:\Users\JBARCO\AppData\Local\Programs\MiKTeX\tex/latex/tools\array.sty
Package: array 2019/08/31 v2.4l Tabular extension package (FMi)
\col@sep=\dimen156
\ar@mcellbox=\box48
\extrarowheight=\dimen157
\NC@list=\toks23
\extratabsurround=\skip55
\backup@length=\skip56
\ar@cellbox=\box49
)
\everycr=\toks24
\minrowclearance=\skip57
)
(C:\Users\JBARCO\AppData\Local\Programs\MiKTeX\tex/latex/tools\multicol.sty
Package: multicol 2019/12/09 v1.8y multicolumn formatting (FMi)
\c@tracingmulticols=\count266
\mult@box=\box50
\multicol@leftmargin=\dimen158
\c@unbalance=\count267
\c@collectmore=\count268
\doublecol@number=\count269
\multicoltolerance=\count270
\multicolpretolerance=\count271
\full@width=\dimen159
\page@free=\dimen160
\premulticols=\dimen161
\postmulticols=\dimen162
\multicolsep=\skip58
\multicolbaselineskip=\skip59
\partial@page=\box51
\last@line=\box52
\maxbalancingoverflow=\dimen163
\mult@rightbox=\box53
\mult@grightbox=\box54
\mult@gfirstbox=\box55
\mult@firstbox=\box56
\@tempa=\box57
\@tempa=\box58
\@tempa=\box59
\@tempa=\box60
\@tempa=\box61
\@tempa=\box62
\@tempa=\box63
\@tempa=\box64
\@tempa=\box65
\@tempa=\box66
\@tempa=\box67
\@tempa=\box68
\@tempa=\box69
\@tempa=\box70
\@tempa=\box71
\@tempa=\box72
\@tempa=\box73
\@tempa=\box74
\@tempa=\box75
\@tempa=\box76
\@tempa=\box77
\@tempa=\box78
\@tempa=\box79
\@tempa=\box80
\@tempa=\box81
\@tempa=\box82
\@tempa=\box83
\@tempa=\box84
\@tempa=\box85
\@tempa=\box86
\@tempa=\box87
\@tempa=\box88
\@tempa=\box89
\@tempa=\box90
\@tempa=\box91
\@tempa=\box92
\@tempa=\box93
\c@minrows=\count272
\c@columnbadness=\count273
\c@finalcolumnbadness=\count274
\last@try=\dimen164
\multicolovershoot=\dimen165
\multicolundershoot=\dimen166
\mult@nat@firstbox=\box94
\colbreak@box=\box95
\mc@col@check@num=\count275
)
("C:\Program Files\MiKTeX\tex/latex/booktabs\booktabs.sty"
Package: booktabs 2020/01/12 v1.61803398 Publication quality tables
\heavyrulewidth=\dimen167
\lightrulewidth=\dimen168
\cmidrulewidth=\dimen169
\belowrulesep=\dimen170
\belowbottomsep=\dimen171
\aboverulesep=\dimen172
\abovetopsep=\dimen173
\cmidrulesep=\dimen174
\cmidrulekern=\dimen175
\defaultaddspace=\dimen176
\@cmidla=\count276
\@cmidlb=\count277
\@aboverulesep=\dimen177
\@belowrulesep=\dimen178
\@thisruleclass=\count278
\@lastruleclass=\count279
\@thisrulewidth=\dimen179
)
("C:\Program Files\MiKTeX\tex/latex/multirow\multirow.sty"
Package: multirow 2019/05/31 v2.5 Span multiple rows of a table
\multirow@colwidth=\skip60
\multirow@cntb=\count280
\multirow@dima=\skip61
\bigstrutjot=\dimen180
)
("C:\Program Files\MiKTeX\tex/latex/algorithms\algorithmic.sty"
Package: algorithmic 2009/08/24 v0.1 Document Style `algorithmic'
\c@ALC@unique=\count281
\c@ALC@line=\count282
\c@ALC@rem=\count283
\c@ALC@depth=\count284
\ALC@tlm=\skip62
\algorithmicindent=\skip63
)
("C:\Program Files\MiKTeX\tex/latex/algorithms\algorithm.sty"
Package: algorithm 2009/08/24 v0.1 Document Style `algorithm' - floating enviro
nment

("C:\Program Files\MiKTeX\tex/latex/float\float.sty"
Package: float 2001/11/08 v1.3d Float enhancements (AL)
\c@float@type=\count285
\float@exts=\toks25
\float@box=\box96
\@float@everytoks=\toks26
\@floatcapt=\box97
)
\@float@every@algorithm=\toks27
\c@algorithm=\count286
)
("C:\Program Files\MiKTeX\tex/latex/subfigure\subfigure.sty"
Package: subfigure 2002/07/30 v2.1.4 subfigure package
\subfigtopskip=\skip64
\subfigcapskip=\skip65
\subfigcaptopadj=\dimen181
\subfigbottomskip=\skip66
\subfigcapmargin=\dimen182
\subfiglabelskip=\skip67
\c@subfigure=\count287
\c@lofdepth=\count288
\c@subtable=\count289
\c@lotdepth=\count290

****************************************
* Local config file subfigure.cfg used *
****************************************
("C:\Program Files\MiKTeX\tex/latex/subfigure\subfigure.cfg")
\subfig@top=\skip68
\subfig@bottom=\skip69
)
(C:\Users\JBARCO\AppData\Local\Programs\MiKTeX\tex/latex/graphics\graphicx.sty
Package: graphicx 2019/11/30 v1.2a Enhanced LaTeX Graphics (DPC,SPQR)
\Gin@req@height=\dimen183
\Gin@req@width=\dimen184
) ("C:\Program Files\MiKTeX\tex/latex/wrapfig\wrapfig.sty"
\wrapoverhang=\dimen185
\WF@size=\dimen186
\c@WF@wrappedlines=\count291
\WF@box=\box98
\WF@everypar=\toks28
Package: wrapfig 2003/01/31  v 3.6
)
(C:\Users\JBARCO\AppData\Local\Programs\MiKTeX\tex/latex/graphics\lscape.sty
Package: lscape 2000/10/22 v3.01 Landscape Pages (DPC)
)
(C:\Users\JBARCO\AppData\Local\Programs\MiKTeX\tex/latex/graphics\rotating.sty
Package: rotating 2016/08/11 v2.16d rotated objects in LaTeX
\c@r@tfl@t=\count292
\rotFPtop=\skip70
\rotFPbot=\skip71
\rot@float@box=\box99
\rot@mess@toks=\toks29
) (C:\Users\JBARCO\AppData\Local\Programs\MiKTeX\tex/latex/tools\tabularx.sty
Package: tabularx 2020/01/15 v2.11c `tabularx' package (DPC)
\TX@col@width=\dimen187
\TX@old@table=\dimen188
\TX@old@col=\dimen189
\TX@target=\dimen190
\TX@delta=\dimen191
\TX@cols=\count293
\TX@ftn=\toks30
)
(C:\Users\JBARCO\AppData\Local\Programs\MiKTeX\tex/latex/tools\longtable.sty
Package: longtable 2020/01/07 v4.13 Multi-page Table package (DPC)
\LTleft=\skip72
\LTright=\skip73
\LTpre=\skip74
\LTpost=\skip75
\LTchunksize=\count294
\LTcapwidth=\dimen192
\LT@head=\box100
\LT@firsthead=\box101
\LT@foot=\box102
\LT@lastfoot=\box103
\LT@cols=\count295
\LT@rows=\count296
\c@LT@tables=\count297
\c@LT@chunks=\count298
\LT@p@ftn=\toks31
)

! LaTeX Error: Option clash for package graphicx.

See the LaTeX manual or LaTeX Companion for explanation.
Type  H <return>  for immediate help.
 ...                                              
                                                  
l.74 \else
          
? 

(C:\Users\JBARCO\AppData\Local\Programs\MiKTeX\tex/latex/l3backend\l3backend-pd
fmode.def
File: l3backend-pdfmode.def 2020-06-29 L3 backend support: PDF mode
\l__kernel_color_stack_int=\count299
\l__pdf_internal_box=\box104
) (tesis.aux
LaTeX Info: Redefining \. on input line 26.
LaTeX Info: Redefining \% on input line 26.
LaTeX Info: Redefining \. on input line 27.
LaTeX Info: Redefining \% on input line 27.
LaTeX Info: Redefining \. on input line 29.
LaTeX Info: Redefining \% on input line 29.


LaTeX Warning: Label `fig:grupo25' multiply defined.


LaTeX Warning: Label `tab:tablae1' multiply defined.


LaTeX Warning: Label `tab:tablae2' multiply defined.

)
\openout1 = `tesis.aux'.

LaTeX Font Info:    Checking defaults for OML/cmm/m/it on input line 127.
LaTeX Font Info:    ... okay on input line 127.
LaTeX Font Info:    Checking defaults for OMS/cmsy/m/n on input line 127.
LaTeX Font Info:    ... okay on input line 127.
LaTeX Font Info:    Checking defaults for OT1/cmr/m/n on input line 127.
LaTeX Font Info:    ... okay on input line 127.
LaTeX Font Info:    Checking defaults for T1/cmr/m/n on input line 127.
LaTeX Font Info:    ... okay on input line 127.
LaTeX Font Info:    Checking defaults for TS1/cmr/m/n on input line 127.
LaTeX Font Info:    ... okay on input line 127.
LaTeX Font Info:    Checking defaults for OMX/cmex/m/n on input line 127.
LaTeX Font Info:    ... okay on input line 127.
LaTeX Font Info:    Checking defaults for U/cmr/m/n on input line 127.
LaTeX Font Info:    ... okay on input line 127.
LaTeX Font Info:    Checking defaults for PD1/pdf/m/n on input line 127.
LaTeX Font Info:    ... okay on input line 127.

(C:\Users\JBARCO\AppData\Local\Programs\MiKTeX\tex/context/base/mkii\supp-pdf.m
kii
[Loading MPS to PDF converter (version 2006.09.02).]
\scratchcounter=\count300
\scratchdimen=\dimen193
\scratchbox=\box105
\nofMPsegments=\count301
\nofMParguments=\count302
\everyMPshowfont=\toks32
\MPscratchCnt=\count303
\MPscratchDim=\dimen194
\MPnumerator=\count304
\makeMPintoPDFobject=\count305
\everyMPtoPDFconversion=\toks33
)
(C:\Users\JBARCO\AppData\Local\Programs\MiKTeX\tex/latex/epstopdf-pkg\epstopdf-
base.sty
Package: epstopdf-base 2020-01-24 v2.11 Base part for package epstopdf
Package epstopdf-base Info: Redefining graphics rule for `.eps' on input line 4
85.
)
\c@lstlisting=\count306
\AtBeginShipoutBox=\box106
Package hyperref Info: Link coloring OFF on input line 127.

(C:\Users\JBARCO\AppData\Local\Programs\MiKTeX\tex/latex/hyperref\nameref.sty
Package: nameref 2019/09/16 v2.46 Cross-referencing by name of section

("C:\Program Files\MiKTeX\tex/latex/refcount\refcount.sty"
Package: refcount 2019/12/15 v3.6 Data extraction from label references (HO)
)
("C:\Program Files\MiKTeX\tex/generic/gettitlestring\gettitlestring.sty"
Package: gettitlestring 2019/12/15 v1.6 Cleanup title references (HO)
)
\c@section@level=\count307
)
LaTeX Info: Redefining \ref on input line 127.
LaTeX Info: Redefining \pageref on input line 127.
LaTeX Info: Redefining \nameref on input line 127.

(tesis.out) (tesis.out)
\@outlinefile=\write3
\openout3 = `tesis.out'.

LaTeX Info: Redefining \. on input line 128.
LaTeX Info: Redefining \% on input line 128.
 (portada.tex
<pictures/uba.png, id=111, 366.36874pt x 189.70876pt>
File: pictures/uba.png Graphic file (type png)
<use pictures/uba.png>
Package pdftex.def Info: pictures/uba.png  used on input line 19.
(pdftex.def)             Requested size: 256.45636pt x 132.79521pt.
 [1

{C:/Users/JBARCO/AppData/Local/MiKTeX/pdftex/config/pdftex.map} <./pictures/uba
.png>]) [2] (licencia.tex
<./cc/Button-by-nc.pdf, id=122, 96.36pt x 35.13126pt>
File: ./cc/Button-by-nc.pdf Graphic file (type pdf)
<use ./cc/Button-by-nc.pdf>
Package pdftex.def Info: ./cc/Button-by-nc.pdf  used on input line 6.
(pdftex.def)             Requested size: 96.35974pt x 35.13115pt.
LaTeX Font Info:    Trying to load font information for OT1+lmr on input line 6
.

(C:\Users\JBARCO\AppData\Local\Programs\MiKTeX\tex/latex/lm\ot1lmr.fd
File: ot1lmr.fd 2009/10/30 v1.6 Font defs for Latin Modern
)
LaTeX Font Info:    Trying to load font information for OML+lmm on input line 6
.

(C:\Users\JBARCO\AppData\Local\Programs\MiKTeX\tex/latex/lm\omllmm.fd
File: omllmm.fd 2009/10/30 v1.6 Font defs for Latin Modern
)
LaTeX Font Info:    Trying to load font information for OMS+lmsy on input line 
6.

(C:\Users\JBARCO\AppData\Local\Programs\MiKTeX\tex/latex/lm\omslmsy.fd
File: omslmsy.fd 2009/10/30 v1.6 Font defs for Latin Modern
)
LaTeX Font Info:    Trying to load font information for OMX+lmex on input line 
6.

(C:\Users\JBARCO\AppData\Local\Programs\MiKTeX\tex/latex/lm\omxlmex.fd
File: omxlmex.fd 2009/10/30 v1.6 Font defs for Latin Modern
)
LaTeX Font Info:    External font `lmex10' loaded for size
(Font)              <12> on input line 6.
LaTeX Font Info:    External font `lmex10' loaded for size
(Font)              <8> on input line 6.
LaTeX Font Info:    External font `lmex10' loaded for size
(Font)              <6> on input line 6.
LaTeX Font Info:    Trying to load font information for U+lasy on input line 6.


(C:\Users\JBARCO\AppData\Local\Programs\MiKTeX\tex/latex/base\ulasy.fd
File: ulasy.fd 1998/08/17 v2.2e LaTeX symbol font definitions
)
LaTeX Font Info:    Trying to load font information for U+msa on input line 6.

(C:\Users\JBARCO\AppData\Local\Programs\MiKTeX\tex/latex/amsfonts\umsa.fd
File: umsa.fd 2013/01/14 v3.01 AMS symbols A
)
LaTeX Font Info:    Trying to load font information for U+msb on input line 6.

(C:\Users\JBARCO\AppData\Local\Programs\MiKTeX\tex/latex/amsfonts\umsb.fd
File: umsb.fd 2013/01/14 v3.01 AMS symbols B
)
LaTeX Font Info:    Trying to load font information for U+wasy on input line 6.


("C:\Program Files\MiKTeX\tex/latex/wasysym\uwasy.fd"
File: uwasy.fd 2020/01/19 v2.4 Wasy-2 symbol font definitions
)
<./cc/Icon-share.pdf, id=123, 51.392pt x 51.392pt>
File: ./cc/Icon-share.pdf Graphic file (type pdf)
<use ./cc/Icon-share.pdf>
Package pdftex.def Info: ./cc/Icon-share.pdf  used on input line 6.
(pdftex.def)             Requested size: 51.39185pt x 51.39185pt.
<./cc/Icon-remix.pdf, id=124, 51.392pt x 51.392pt>
File: ./cc/Icon-remix.pdf Graphic file (type pdf)
<use ./cc/Icon-remix.pdf>
Package pdftex.def Info: ./cc/Icon-remix.pdf  used on input line 6.
(pdftex.def)             Requested size: 51.39185pt x 51.39185pt.
<./cc/Icon-by.pdf, id=125, 52.195pt x 53.19875pt>
File: ./cc/Icon-by.pdf Graphic file (type pdf)
<use ./cc/Icon-by.pdf>
Package pdftex.def Info: ./cc/Icon-by.pdf  used on input line 6.
(pdftex.def)             Requested size: 52.19487pt x 53.19861pt.
<./cc/Icon-nc.pdf, id=126, 52.195pt x 53.19875pt>
File: ./cc/Icon-nc.pdf Graphic file (type pdf)
<use ./cc/Icon-nc.pdf>
Package pdftex.def Info: ./cc/Icon-nc.pdf  used on input line 6.
(pdftex.def)             Requested size: 52.19487pt x 53.19861pt.
LaTeX Font Info:    Trying to load font information for T1+lmtt on input line 6
.

(C:\Users\JBARCO\AppData\Local\Programs\MiKTeX\tex/latex/lm\t1lmtt.fd
File: t1lmtt.fd 2009/10/30 v1.6 Font defs for Latin Modern
))
(dedicatoria.tex [3 <./cc/Button-by-nc.pdf> <./cc/Icon-share.pdf> <./cc/Icon-re
mix.pdf

pdfTeX warning: miktex-pdftex.exe (file ./cc/Icon-remix.pdf): PDF inclusion: mu
ltiple pdfs with page group included in a single page
> <./cc/Icon-by.pdf> <./cc/Icon-nc.pdf>] [4

]) (resumen.tex
LaTeX Info: Redefining \. on input line 2.
LaTeX Info: Redefining \% on input line 2.
 [5

] [6

] [7


]
LaTeX Info: Redefining \. on input line 33.
LaTeX Info: Redefining \% on input line 33.
)
(tesis.toc
LaTeX Info: Redefining \. on input line 2.
LaTeX Info: Redefining \% on input line 2.
LaTeX Info: Redefining \. on input line 3.
LaTeX Info: Redefining \% on input line 3.
LaTeX Info: Redefining \. on input line 5.
LaTeX Info: Redefining \% on input line 5.
 [8


])
\tf@toc=\write4
\openout4 = `tesis.toc'.

 (introduction.tex [9]

! LaTeX Error: There's no line here to end.

See the LaTeX manual or LaTeX Companion for explanation.
Type  H <return>  for immediate help.
 ...                                              
                                                  
l.4 
    
? 

! LaTeX Error: Undefined color `Cyan'.

See the LaTeX manual or LaTeX Companion for explanation.
Type  H <return>  for immediate help.
 ...                                              
                                                  
l.9 ...e{\url{http://grias.udenar.edu.co/grias/}}}
                                                  )
? 
[10

] [11]
LaTeX Font Info:    Trying to load font information for TS1+lmr on input line 6
7.
 (C:\Users\JBARCO\AppData\Local\Programs\MiKTeX\tex/latex/lm\ts1lmr.fd
File: ts1lmr.fd 2009/10/30 v1.6 Font defs for Latin Modern
)) (capitulo2.tex [12] [13]
Cap\'{\i }tulo 1.
[14

] [15]
Underfull \hbox (badness 10000) in paragraph at lines 94--100

 []

[16] [17]
Underfull \hbox (badness 10000) in paragraph at lines 162--167

 []


Underfull \hbox (badness 10000) in paragraph at lines 169--170

 []


Underfull \hbox (badness 10000) in paragraph at lines 171--175

 []


Underfull \hbox (badness 10000) in paragraph at lines 171--175

 []

[18]
Underfull \hbox (badness 10000) in paragraph at lines 178--185

 []


Underfull \hbox (badness 10000) in paragraph at lines 186--187

 []


Underfull \hbox (badness 10000) in paragraph at lines 197--202

 []


Underfull \hbox (badness 10000) in paragraph at lines 209--213

 []

[19]
Underfull \hbox (badness 10000) in paragraph at lines 214--215

 []


Underfull \hbox (badness 10000) in paragraph at lines 217--221

 []


Underfull \hbox (badness 10000) in paragraph at lines 222--223

 []


Underfull \hbox (badness 10000) in paragraph at lines 224--225

 []


Overfull \hbox (1.11565pt too wide) in paragraph at lines 230--230
[]\T1/lmr/bx/n/12 Topic Mo-de-ling La-tent Di-ri-chlet Allo-ca-tion ( Mo-de-la-
do de te-mas, LDA) 
 []


Underfull \hbox (badness 10000) in paragraph at lines 235--247

 []


Underfull \hbox (badness 10000) in paragraph at lines 235--247

 []

[20]
Underfull \hbox (badness 10000) in paragraph at lines 248--249

 []


Underfull \hbox (badness 10000) in paragraph at lines 255--267

 []


Underfull \hbox (badness 10000) in paragraph at lines 275--276

 []

[21]
Underfull \hbox (badness 10000) in paragraph at lines 276--277

 []


Underfull \hbox (badness 10000) in paragraph at lines 286--287

 []


Underfull \hbox (badness 10000) in paragraph at lines 289--291

 []

<pictures/ec1.png, id=321, 572.1375pt x 84.315pt>
File: pictures/ec1.png Graphic file (type png)
<use pictures/ec1.png>
Package pdftex.def Info: pictures/ec1.png  used on input line 293.
(pdftex.def)             Requested size: 443.86316pt x 65.41162pt.

Underfull \hbox (badness 10000) in paragraph at lines 299--308

 []

[22pdfTeX warning (ext4): destination with the same identifier (name{figure.1.1
}) has been already used, duplicate ignored

\AtBegShi@Output ...ipout \box \AtBeginShipoutBox 
                                                  \fi \fi 
l.308 
       <./pictures/ec1.png>]
<pictures/ec2.png, id=330, 442.65375pt x 80.3pt>
File: pictures/ec2.png Graphic file (type png)
<use pictures/ec2.png>
Package pdftex.def Info: pictures/ec2.png  used on input line 310.
(pdftex.def)             Requested size: 443.86316pt x 80.524pt.
 [23pdfTeX warning (ext4): destination with the same identifier (name{figure.1.
2}) has been already used, duplicate ignored

\AtBegShi@Output ...ipout \box \AtBeginShipoutBox 
                                                  \fi \fi 
l.348 
       <./pictures/ec2.png>] [24] [25]
<pictures/redcbow.jpg, id=371, 328.97906pt x 185.94469pt>
File: pictures/redcbow.jpg Graphic file (type jpg)
<use pictures/redcbow.jpg>
Package pdftex.def Info: pictures/redcbow.jpg  used on input line 437.
(pdftex.def)             Requested size: 443.86316pt x 250.88396pt.
 [26]
! Missing $ inserted.
<inserted text> 
                $
l.446 ...como punto inicial el vocabulario V = w ^
                                                  {(1)}$, w^{(2)}$, . . . , ...

? 
! Missing $ inserted.
<inserted text> 
                $
l.446 ... inicial el vocabulario V = w ^{(1)}$, w^
                                                  {(2)}$, . . . , w^{(m)}$ (...

? 
! Missing $ inserted.
<inserted text> 
                $
l.446 ...lario V = w ^{(1)}$, w^{(2)}$, . . . , w^
                                                  {(m)}$ (|V | = m). A cada ...

? 
! Missing $ inserted.
<inserted text> 
                $
l.446 ... , w^{(m)}$ (|V | = m). A cada palabra w^
                                                  {(i)}$ se la representa co...

? 
! Missing $ inserted.
<inserted text> 
                $
l.446 ...se la representa con un vector one-hot x^
                                                  {(i)}$ \in {R^{m}$}. Para ...

? 
! Missing $ inserted.
<inserted text> 
                $
l.446 ...esenta con un vector one-hot x^{(i)}$ \in
                                                   {R^{m}$}. Para definir lo...

? 
! Missing } inserted.
<inserted text> 
                }
l.446 ...on un vector one-hot x^{(i)}$ \in {R^{m}$
                                                  }. Para definir los parám...

? 
! Too many }'s.
l.446 ...n un vector one-hot x^{(i)}$ \in {R^{m}$}
                                                  . Para definir los paráme...

? 
! Missing $ inserted.
<inserted text> 
                $
l.446 ...ros a actualizar, creamos dos matrices W^
                                                  {(1)}$  \in R^{m \times n}...

? 
! Missing $ inserted.
<inserted text> 
                $
l.446 ...lizar, creamos dos matrices W^{(1)}$  \in
                                                   R^{m \times n}$ y W^{(2)}...

? 
! Missing $ inserted.
<inserted text> 
                $
l.446 ...trices W^{(1)}$  \in R^{m \times n}$ y W^
                                                  {(2)}$  \in R^{n \times m}...

? 
! Missing $ inserted.
<inserted text> 
                $
l.446 ...1)}$  \in R^{m \times n}$ y W^{(2)}$  \in
                                                   R^{n \times m}$. Donde n ...

? 
! Missing $ inserted.
<inserted text> 
                $
l.448 ...de \cite{cardellinoproyecto} La matriz W^
                                                  {(1)}$ está formada por m...

? 
! Missing $ inserted.
<inserted text> 
                $
l.448 ...riz W^{(1)}$ está formada por m filas u^
                                                  {(i)}$ \in R^{n}$ , estas ...

? 
! Missing $ inserted.
<inserted text> 
                $
l.448 ...}$ está formada por m filas u^{(i)}$ \in
                                                   R^{n}$ , estas representa...

? 
! Missing $ inserted.
<inserted text> 
                $
l.448 ...or codificado de entrada de la palabra w^
                                                  {(i)}$ . A su vez, la matr...

? 
! Missing $ inserted.
<inserted text> 
                $
l.448 ...{(i)}$ . A su vez, la matriz de salida W^
                                                  {(2)}$ se conforma de m co...

? 
! Missing $ inserted.
<inserted text> 
                $
l.448 ...ida W^{(2)}$ se conforma de m columnas v^
                                                  {(j)}$ \in R^{n}$ , que re...

? 
! Missing $ inserted.
<inserted text> 
                $
l.448 ...}$ se conforma de m columnas v^{(j)}$ \in
                                                   R^{n}$ , que representan ...

? 
! Missing $ inserted.
<inserted text> 
                $
l.448 ...tor codificado de salida de la palabra w^
                                                  {(j)}$ . Es decir, por cad...

? 
! Missing $ inserted.
<inserted text> 
                $
l.453 ...em Se busca obtener la palabra central w^
                                                  {(i)}$ dado el contexto. (...

? 
! Missing $ inserted.
<inserted text> 
                $
l.453 ...ra central w^{(i)}$ dado el contexto. (w^
                                                  {(i - C)}$, . . . , w^{(i ...

? 
! Missing $ inserted.
<inserted text> 
                $
l.453 ...do el contexto. (w^{(i - C)}$, . . . , w^
                                                  {(i -1)}$, w^{(i+1)}$, . ....

? 
! Missing $ inserted.
<inserted text> 
                $
l.453 ...o. (w^{(i - C)}$, . . . , w^{(i -1)}$, w^
                                                  {(i+1)}$, . . . , w^{(i+C)...

? 
! Missing $ inserted.
<inserted text> 
                $
l.453 .... . , w^{(i -1)}$, w^{(i+1)}$, . . . , w^
                                                  {(i+C)}$).
? 
[27pdfTeX warning (ext4): destination with the same identifier (name{figure.1.3
}) has been already used, duplicate ignored

\AtBegShi@Output ...ipout \box \AtBeginShipoutBox 
                                                  \fi \fi 
l.454 	\item S
              e genera los vectores one-hot para cada una de las palabras de...
 <./pictures/redcbow.jpg>]
! Missing $ inserted.
<inserted text> 
                $
l.454 ...cada una de las palabras del contexto (x^
                                                  {(i - C)}$ , . . . , x^{(i...

? 
! Missing $ inserted.
<inserted text> 
                $
l.454 ...s del contexto (x^{(i - C)}$ , . . . , x^
                                                  {(i - 1)}$, x^{(i+1)}$, . ...

? 
! Missing $ inserted.
<inserted text> 
                $
l.454 ... (x^{(i - C)}$ , . . . , x^{(i - 1)}$, x^
                                                  {(i+1)}$, . . . , x^{(i+C)...

? 
! Missing $ inserted.
<inserted text> 
                $
l.454 ... . , x^{(i - 1)}$, x^{(i+1)}$, . . . , x^
                                                  {(i+C)}$ ).
? 
! Missing $ inserted.
<inserted text> 
                $
l.455 ...os de entrada por cada vector one-hot (u^
                                                  {(i - C)}$ = x^ {(i - C)}$...

? 
! Missing $ inserted.
<inserted text> 
                $
l.455 ...or cada vector one-hot (u^{(i - C)}$ = x^
                                                   {(i - C)}$^{T}$ W^{(1)}$,...

? 
! Missing $ inserted.
<inserted text> 
                $
l.455 ...or one-hot (u^{(i - C)}$ = x^ {(i - C)}$^
                                                  {T}$ W^{(1)}$, . . . , u^{...

? 
! Missing $ inserted.
<inserted text> 
                $
l.455 ...hot (u^{(i - C)}$ = x^ {(i - C)}$^{T}$ W^
                                                  {(1)}$, . . . , u^{( i - 1...

? 
! Missing $ inserted.
<inserted text> 
                $
l.455 ...= x^ {(i - C)}$^{T}$ W^{(1)}$, . . . , u^
                                                  {( i - 1)}$ = x^{ (i -1)}$...

? 
! Missing $ inserted.
<inserted text> 
                $
l.455 ...{T}$ W^{(1)}$, . . . , u^{( i - 1)}$ = x^
                                                  { (i -1)}$^{T}$ W^{(1)}$, ...

? 
! Missing $ inserted.
<inserted text> 
                $
l.455 ...}$, . . . , u^{( i - 1)}$ = x^{ (i -1)}$^
                                                  {T}$ W^{(1)}$, u^{(i+1)}$ ...

? 
! Missing $ inserted.
<inserted text> 
                $
l.455 ... . , u^{( i - 1)}$ = x^{ (i -1)}$^{T}$ W^
                                                  {(1)}$, u^{(i+1)}$ = x^{ (...

? 
! Missing $ inserted.
<inserted text> 
                $
l.455 ...i - 1)}$ = x^{ (i -1)}$^{T}$ W^{(1)}$, u^
                                                  {(i+1)}$ = x^{ (i+1)}$^{T}...

? 
! Missing $ inserted.
<inserted text> 
                $
l.455 ...{ (i -1)}$^{T}$ W^{(1)}$, u^{(i+1)}$ = x^
                                                  { (i+1)}$^{T}$ W^{(1)}$, ....

? 
! Missing $ inserted.
<inserted text> 
                $
l.455 ...^{T}$ W^{(1)}$, u^{(i+1)}$ = x^{ (i+1)}$^
                                                  {T}$ W^{(1)}$, . . . , u^{...

? 
! Missing $ inserted.
<inserted text> 
                $
l.455 ...^{(1)}$, u^{(i+1)}$ = x^{ (i+1)}$^{T}$ W^
                                                  {(1)}$, . . . , u^{(i+C)}$...

? 
! Missing $ inserted.
<inserted text> 
                $
l.455 ...$ = x^{ (i+1)}$^{T}$ W^{(1)}$, . . . , u^
                                                  {(i+C)}$ = x^{(i+C)}$^{T}$...

? 
! Missing $ inserted.
<inserted text> 
                $
l.455 ...}$^{T}$ W^{(1)}$, . . . , u^{(i+C)}$ = x^
                                                  {(i+C)}$^{T}$ W^{(1)}$).
? 
! Missing $ inserted.
<inserted text> 
                $
l.455 ...^{(1)}$, . . . , u^{(i+C)}$ = x^{(i+C)}$^
                                                  {T}$ W^{(1)}$).
? 
! Missing $ inserted.
<inserted text> 
                $
l.455 ..., . . . , u^{(i+C)}$ = x^{(i+C)}$^{T}$ W^
                                                  {(1)}$).
? 
! Missing $ inserted.
<inserted text> 
                $
l.456 ...vectores para obtener un vector\\  h =(u^
                                                  {(i - C)}$+u^{(i - C+1)}$+...

? 
! Missing $ inserted.
<inserted text> 
                $
l.456 ... obtener un vector\\  h =(u^{(i - C)}$+u^
                                                  {(i - C+1)}$+···+u^{ (i...

? 
! Missing $ inserted.
<inserted text> 
                $
l.456 ...h =(u^{(i - C)}$+u^{(i - C+1)}$+···+u^
                                                  { (i+C)}$ ) /(2C) .
? 
! Missing $ inserted.
<inserted text> 
                $
l.457 ...n un vector de probabilidades mediante y^
                                                  {'}$ = softmax(z).
? 
! Missing $ inserted.
<inserted text> 
                $
l.458 	\item Queremos que las probabilidades  y^
                                                {'}$^{(i)}$ , sean iguales a...

? 
! Missing $ inserted.
<inserted text> 
                $
l.458 ... Queremos que las probabilidades  y^{'}$^
                                                  {(i)}$ , sean iguales a la...

? 
! Missing $ inserted.
<inserted text> 
                $
l.458 ...guales a las probabilidades correctas, y^
                                                  {(i)}$, i.e,el vector one-...

? 
! Missing $ inserted.
<inserted text> 
                $
l.458 ...$, i.e,el vector one-hot de la palabra w^
                                                  {(i)}$.
? 
! Missing $ inserted.
<inserted text> 
                $
l.461 ...so de tener los valores correctos para W^
                                                  {(1)}$ y W^{(2)}$, se preg...

? 
! Missing $ inserted.
<inserted text> 
                $
l.461 ... los valores correctos para W^{(1)}$ y W^
                                                  {(2)}$, se pregunta cómo ...

? 
! Missing $ inserted.
<inserted text> 
                $
l.471 \item Buscamos obtener las palabras (w^
                                             { (i - C)}$ , . . . , w^{(i - 1...

? 
! Missing $ inserted.
<inserted text> 
                $
l.471 ... las palabras (w^{ (i - C)}$ , . . . , w^
                                                  {(i - 1)}$, w^{(i+1)}$, . ...

? 
! Missing $ inserted.
<inserted text> 
                $
l.471 ...(w^{ (i - C)}$ , . . . , w^{(i - 1)}$, w^
                                                  {(i+1)}$, . . . , w^{(i+C)...

? 
! Missing $ inserted.
<inserted text> 
                $
l.471 ... . , w^{(i - 1)}$, w^{(i+1)}$, . . . , w^
                                                  {(i+C)}$ ), dada la palabr...

? 
! Missing $ inserted.
<inserted text> 
                $
l.471 ...w^{(i+C)}$ ), dada la palabra central w ^
                                                  {(i)}$ .
? 
! Missing $ inserted.
<inserted text> 
                $
l.472 ...tor one-hot para la palabra de entrada x^
                                                  {(i)}$ .
? 
! Missing $ inserted.
<inserted text> 
                $
l.473 ...btener el vector codificado de entrada u^
                                                  {(i)}$ = x^{( i)^{T}$}$W^{...

? 
! Missing $ inserted.
<inserted text> 
                $
l.473 ...ector codificado de entrada u^{(i)}$ = x^
                                                  {( i)^{T}$}$W^{(1)}$ .
? 
! Missing } inserted.
<inserted text> 
                }
l.473 ...ficado de entrada u^{(i)}$ = x^{( i)^{T}$
                                                  }$W^{(1)}$ .
? 
! Extra }, or forgotten \endgroup.
l.473 ...icado de entrada u^{(i)}$ = x^{( i)^{T}$}
                                                  $W^{(1)}$ .
? 
! Missing $ inserted.
<inserted text> 
                $
l.474 ...dad de obtener la media. Definimos h = u^
                                                  {(i)}$ .
? 
! Missing $ inserted.
<inserted text> 
                $
l.475 \item Se genera 2C vectores de puntaje (z^
                                                {(i - C)}$ , . . . , z^{(i -...

? 
! Missing $ inserted.
<inserted text> 
                $
l.475 ...res de puntaje (z^{(i - C)}$ , . . . , z^
                                                  {(i - 1)}$, z^{(i+1)}$, . ...

? 
! Missing $ inserted.
<inserted text> 
                $
l.475 ... (z^{(i - C)}$ , . . . , z^{(i - 1)}$, z^
                                                  {(i+1)}$, . . . , z^{(i+C)...

? 
! Missing $ inserted.
<inserted text> 
                $
l.475 ... . , z^{(i - 1)}$, z^{(i+1)}$, . . . , z^
                                                  {(i+C)}$ ) con z^{(j)}$ = ...

? 
! Missing $ inserted.
<inserted text> 
                $
l.475 ..., z^{(i+1)}$, . . . , z^{(i+C)}$ ) con z^
                                                  {(j)}$ = h^{(T)}$W^{(2)}$
? 
! Missing $ inserted.
<inserted text> 
                $
l.475 ...$, . . . , z^{(i+C)}$ ) con z^{(j)}$ = h^
                                                  {(T)}$W^{(2)}$
? 
! Missing $ inserted.
<inserted text> 
                $
l.475 ... , z^{(i+C)}$ ) con z^{(j)}$ = h^{(T)}$W^
                                                  {(2)}$
? 
[28]
! Missing $ inserted.
<inserted text> 
                $
l.476 ...ntaje en un vector de probabilidades,  y^
                                                  {'}$^{(j)}$ = softmax(z^{(...

? 
! Missing $ inserted.
<inserted text> 
                $
l.476 ... en un vector de probabilidades,  y^{'}$^
                                                  {(j)}$ = softmax(z^{(j)}$).
? 
! Missing $ inserted.
<inserted text> 
                $
l.476 ...obabilidades,  y^{'}$^{(j)}$ = softmax(z^
                                                  {(j)}$).
? 
! Missing $ inserted.
<inserted text> 
                $
l.477 ...vectores de probabilidad generados  (  y^
                                                  {'}$^{(i - C)}$ , . . . , ...

? 
! Missing $ inserted.
<inserted text> 
                $
l.477 ...res de probabilidad generados  (  y^{'}$^
                                                  {(i - C)}$ , . . . ,   y^{...

? 
! Missing $ inserted.
<inserted text> 
                $
l.477 ...ados  (  y^{'}$^{(i - C)}$ , . . . ,   y^
                                                  {'}$^{(i - 1)}$ ,  y^{'}$^...

? 
! Missing $ inserted.
<inserted text> 
                $
l.477 ... (  y^{'}$^{(i - C)}$ , . . . ,   y^{'}$^
                                                  {(i - 1)}$ ,  y^{'}$^{ (i+...

? 
! Missing $ inserted.
<inserted text> 
                $
l.477 ... C)}$ , . . . ,   y^{'}$^{(i - 1)}$ ,  y^
                                                  {'}$^{ (i+1)}$ , . . . ,  ...

? 
! Missing $ inserted.
<inserted text> 
                $
l.477 ... , . . . ,   y^{'}$^{(i - 1)}$ ,  y^{'}$^
                                                  { (i+1)}$ , . . . ,   y^{'...

? 
! Missing $ inserted.
<inserted text> 
                $
l.477 ...- 1)}$ ,  y^{'}$^{ (i+1)}$ , . . . ,   y^
                                                  {'}$^{(i+C)}$ ), sean igua...

? 
! Missing $ inserted.
<inserted text> 
                $
l.477 ...$ ,  y^{'}$^{ (i+1)}$ , . . . ,   y^{'}$^
                                                  {(i+C)}$ ), sean iguales a...

? 
! Missing $ inserted.
<inserted text> 
                $
l.477 ...ales a las probabilidades verdaderas, (y^
                                                  {(i - C)}$ , . . . , y^{(i...

? 
! Missing $ inserted.
<inserted text> 
                $
l.477 ...es verdaderas, (y^{(i - C)}$ , . . . , y^
                                                  {(i - 1)}$, y^{(i+1)}$, . ...

? 
! Missing $ inserted.
<inserted text> 
                $
l.477 ... (y^{(i - C)}$ , . . . , y^{(i - 1)}$, y^
                                                  {(i+1)}$, . . . , y^{(i+C)...

? 
! Missing $ inserted.
<inserted text> 
                $
l.477 ... . , y^{(i - 1)}$, y^{(i+1)}$, . . . , y^
                                                  {(i+C)}$ ), i.e. de los ve...

? 
! Missing $ inserted.
<inserted text> 
                $
l.480 ...se calcula los valores de las matrices W^
                                                  {(1)}$ y W^{(2)}$ . Nuevam...

? 
! Missing $ inserted.
<inserted text> 
                $
l.480 ...los valores de las matrices W^{(1)}$ y W^
                                                  {(2)}$ . Nuevamente las ma...

? 
<pictures/redskg.jpg, id=399, 297.36093pt x 275.52937pt>
File: pictures/redskg.jpg Graphic file (type jpg)
<use pictures/redskg.jpg>
Package pdftex.def Info: pictures/redskg.jpg  used on input line 483.
(pdftex.def)             Requested size: 443.86316pt x 411.296pt.
[29] [30pdfTeX warning (ext4): destination with the same identifier (name{figur
e.1.4}) has been already used, duplicate ignored

\AtBegShi@Output ...ipout \box \AtBeginShipoutBox 
                                                  \fi \fi 
l.496 
       <./pictures/redskg.jpg>]
<pictures/pvdm.jpg, id=415, 469.00218pt x 431.36156pt>
File: pictures/pvdm.jpg Graphic file (type jpg)
<use pictures/pvdm.jpg>
Package pdftex.def Info: pictures/pvdm.jpg  used on input line 508.
(pdftex.def)             Requested size: 443.86316pt x 408.2378pt.
 [31] [32pdfTeX warning (ext4): destination with the same identifier (name{figu
re.1.5}) has been already used, duplicate ignored

\AtBegShi@Output ...ipout \box \AtBeginShipoutBox 
                                                  \fi \fi 
l.520 
       <./pictures/pvdm.jpg>]
<pictures/doc2veceje.jpg, id=429, 224.33812pt x 135.50626pt>
File: pictures/doc2veceje.jpg Graphic file (type jpg)
<use pictures/doc2veceje.jpg>
Package pdftex.def Info: pictures/doc2veceje.jpg  used on input line 522.
(pdftex.def)             Requested size: 443.86316pt x 268.13362pt.
 [33pdfTeX warning (ext4): destination with the same identifier (name{figure.1.
6}) has been already used, duplicate ignored

\AtBegShi@Output ...ipout \box \AtBeginShipoutBox 
                                                  \fi \fi 
l.546 
       <./pictures/doc2veceje.jpg>] [34]) (capitulo3.tex [35]
Cap\'{\i }tulo 2.
[36

]
<pictures/proceso1.png, id=472, 496.85625pt x 409.53pt>
File: pictures/proceso1.png Graphic file (type png)
<use pictures/proceso1.png>
Package pdftex.def Info: pictures/proceso1.png  used on input line 30.
(pdftex.def)             Requested size: 443.86316pt x 365.8553pt.
 [37pdfTeX warning (ext4): destination with the same identifier (name{figure.2.
1}) has been already used, duplicate ignored

\AtBegShi@Output ...ipout \box \AtBeginShipoutBox 
                                                  \fi \fi 
l.41 
      <./pictures/proceso1.png>] [38]
<pictures/proceso2.png, id=484, 448.67625pt x 395.97937pt>
File: pictures/proceso2.png Graphic file (type png)
<use pictures/proceso2.png>
Package pdftex.def Info: pictures/proceso2.png  used on input line 71.
(pdftex.def)             Requested size: 443.86316pt x 391.74286pt.
 [39] [40pdfTeX warning (ext4): destination with the same identifier (name{figu
re.2.2}) has been already used, duplicate ignored

\AtBegShi@Output ...ipout \box \AtBeginShipoutBox 
                                                  \fi \fi 
l.115 
       <./pictures/proceso2.png>] [41]
<pictures/procesocalsificacion.png, id=499, 526.96875pt x 442.65375pt>
File: pictures/procesocalsificacion.png Graphic file (type png)
<use pictures/procesocalsificacion.png>
Package pdftex.def Info: pictures/procesocalsificacion.png  used on input line 
158.
(pdftex.def)             Requested size: 399.47412pt x 335.57603pt.
 [42pdfTeX warning (ext4): destination with the same identifier (name{figure.2.
3}) has been already used, duplicate ignored

\AtBegShi@Output ...ipout \box \AtBeginShipoutBox 
                                                  \fi \fi 
l.164 
       <./pictures/procesocalsificacion.png>] [43] [44] [45]) (capitulo35.tex
[46]
Cap\'{\i }tulo 3.

Underfull \hbox (badness 6412) in paragraph at lines 42--42
[]|\T1/lmr/m/n/12 Modelo Bow ge-ne-ran-do
 []


Underfull \hbox (badness 6412) in paragraph at lines 42--42
[]|\T1/lmr/m/n/12 Modelo Bow ge-ne-ran-do
 []


Underfull \hbox (badness 3058) in paragraph at lines 42--42
[]|\T1/lmr/m/n/12 Modelo Tf-id ge-ne-ran-do
 []


Underfull \hbox (badness 3058) in paragraph at lines 42--42
[]|\T1/lmr/m/n/12 Modelo Tf-id ge-ne-ran-do
 []


Underfull \hbox (badness 3058) in paragraph at lines 42--42
\T1/lmr/m/n/12 do-cu-men-to me-dian-te un
 []


Underfull \hbox (badness 3058) in paragraph at lines 42--42
\T1/lmr/m/n/12 do-cu-men-to me-dian-te un
 []

[47

]
Overfull \vbox (43.78944pt too high) has occurred while \output is active []


[48pdfTeX warning (ext4): destination with the same identifier (name{table.3.1}
) has been already used, duplicate ignored

\AtBegShi@Output ...ipout \box \AtBeginShipoutBox 
                                                  \fi \fi 
l.45 
     ]
<pictures/Silhouette.png, id=532, 867.24pt x 433.62pt>
File: pictures/Silhouette.png Graphic file (type png)
<use pictures/Silhouette.png>
Package pdftex.def Info: pictures/Silhouette.png  used on input line 59.
(pdftex.def)             Requested size: 443.86316pt x 221.93063pt.
<pictures/WCSS.png, id=534, 867.24pt x 433.62pt>
File: pictures/WCSS.png Graphic file (type png)
<use pictures/WCSS.png>
Package pdftex.def Info: pictures/WCSS.png  used on input line 65.
(pdftex.def)             Requested size: 443.86316pt x 221.93063pt.
 [49pdfTeX warning (ext4): destination with the same identifier (name{figure.3.
1}) has been already used, duplicate ignored

\AtBegShi@Output ...ipout \box \AtBeginShipoutBox 
                                                  \fi \fi 
l.69 
      <./pictures/Silhouette.png>]
<pictures/implementacion1.png.jpg, id=545, 505.89pt x 543.53062pt>
File: pictures/implementacion1.png.jpg Graphic file (type jpg)
<use pictures/implementacion1.png.jpg>
Package pdftex.def Info: pictures/implementacion1.png.jpg  used on input line 8
4.
(pdftex.def)             Requested size: 399.47412pt x 429.20201pt.
 [50pdfTeX warning (ext4): destination with the same identifier (name{figure.3.
2}) has been already used, duplicate ignored

\AtBegShi@Output ...ipout \box \AtBeginShipoutBox 
                                                  \fi \fi 
l.88 
      <./pictures/WCSS.png>] [51pdfTeX warning (ext4): destination with the sam
e identifier (name{figure.3.3}) has been already used, duplicate ignored

\AtBegShi@Output ...ipout \box \AtBeginShipoutBox 
                                                  \fi \fi 
l.99 
      <./pictures/implementacion1.png.jpg>]
Package hyperref Info: bookmark level for unknown algorithm defaults to 0 on in
put line 105.
LaTeX Font Info:    External font `lmex10' loaded for size
(Font)              <10> on input line 113.
LaTeX Font Info:    External font `lmex10' loaded for size
(Font)              <7> on input line 113.
LaTeX Font Info:    External font `lmex10' loaded for size
(Font)              <5> on input line 113.

! Missing $ inserted.
<inserted text> 
                $
l.116 ...Corpus\_doc2vec  \in$  grupo\_documento }
                                                  
? 
! Missing $ inserted.
<inserted text> 
                $
l.116 ...Corpus\_doc2vec  \in$  grupo\_documento }
                                                  
? 
<pictures/implementacion3.jpg, id=559, 170.13562pt x 376.40625pt>
File: pictures/implementacion3.jpg Graphic file (type jpg)
<use pictures/implementacion3.jpg>
Package pdftex.def Info: pictures/implementacion3.jpg  used on input line 145.
(pdftex.def)             Requested size: 133.1603pt x 294.61803pt.
[52]
! Missing $ inserted.
<inserted text> 
                $
l.170 \FOR {each token  \in$ T }
                                
? 
! Missing $ inserted.
<inserted text> 
                $
l.172 		  \STATE {$conceptos\_ner $\leftarrow
                                              $adicionar(conceptos\_ner,token)}

? 
! Missing $ inserted.
<inserted text> 
                $
l.177 \FOR {each c  \in$ conceptos\_ner }
                                         
? 
! Missing $ inserted.
<inserted text> 
                $
l.178 	\FOR {rl  \in$  word2vec.sim(c) }
                                        
? 
! Missing $ inserted.
<inserted text> 
                $
l.179 		  \STATE {$n1 $\leftarrow
                                  $crearNodo(c)}
? 
! Missing $ inserted.
<inserted text> 
                $
l.180 		  \STATE {$n2 $\leftarrow
                                  $crearNodo(rl)}
? 
! Missing $ inserted.
<inserted text> 
                $
l.181 		  \STATE {$G $\leftarrow
                                 $relacionarNodos(n1,n2)}
? 
[53pdfTeX warning (ext4): destination with the same identifier (name{figure.3.4
}) has been already used, duplicate ignored

\AtBegShi@Output ...ipout \box \AtBeginShipoutBox 
                                                  \fi \fi 
l.188 
       <./pictures/implementacion3.jpg>]
<pictures/proceso5.png, id=587, 867.24pt x 722.7pt>
File: pictures/proceso5.png Graphic file (type png)
<use pictures/proceso5.png>
Package pdftex.def Info: pictures/proceso5.png  used on input line 206.
(pdftex.def)             Requested size: 443.86316pt x 369.88438pt.
 [54] [55pdfTeX warning (ext4): destination with the same identifier (name{figu
re.3.5}) has been already used, duplicate ignored

\AtBegShi@Output ...ipout \box \AtBeginShipoutBox 
                                                  \fi \fi 
l.255 
       <./pictures/proceso5.png>] [56pdfTeX warning (ext4): destination with th
e same identifier (name{table.3.2}) has been already used, duplicate ignored

\AtBegShi@Output ...ipout \box \AtBeginShipoutBox 
                                                  \fi \fi 
l.260 E
       n el grupo 1 se encuentran trabajos de grado relacionados a temática...
]
<pictures/grupo14.jpg, id=622, 453.19313pt x 347.79938pt>
File: pictures/grupo14.jpg Graphic file (type jpg)
<use pictures/grupo14.jpg>
Package pdftex.def Info: pictures/grupo14.jpg  used on input line 264.
(pdftex.def)             Requested size: 355.09187pt x 272.51364pt.
<pictures/grupo5.jpg, id=624, 506.6428pt x 307.90031pt>
File: pictures/grupo5.jpg Graphic file (type jpg)
<use pictures/grupo5.jpg>
Package pdftex.def Info: pictures/grupo5.jpg  used on input line 281.
(pdftex.def)             Requested size: 443.86316pt x 269.75507pt.
 [57pdfTeX warning (ext4): destination with the same identifier (name{figure.3.
6}) has been already used, duplicate ignored

\AtBegShi@Output ...ipout \box \AtBeginShipoutBox 
                                                  \fi \fi 
l.285 
       <./pictures/grupo14.jpg>]
<pictures/grupo6.jpg, id=632, 524.71031pt x 359.84438pt>
File: pictures/grupo6.jpg Graphic file (type jpg)
<use pictures/grupo6.jpg>
Package pdftex.def Info: pictures/grupo6.jpg  used on input line 289.
(pdftex.def)             Requested size: 355.09187pt x 243.52689pt.
 [58pdfTeX warning (ext4): destination with the same identifier (name{figure.3.
7}) has been already used, duplicate ignored

\AtBegShi@Output ...ipout \box \AtBeginShipoutBox 
                                                  \fi \fi 
l.293 
       <./pictures/grupo5.jpg>]
<pictures/grafocul0.png, id=638, 394.47375pt x 277.035pt>
File: pictures/grafocul0.png Graphic file (type png)
<use pictures/grafocul0.png>
Package pdftex.def Info: pictures/grafocul0.png  used on input line 300.
(pdftex.def)             Requested size: 355.09187pt x 249.37991pt.
 [59pdfTeX warning (ext4): destination with the same identifier (name{figure.3.
8}) has been already used, duplicate ignored

\AtBegShi@Output ...ipout \box \AtBeginShipoutBox 
                                                  \fi \fi 
l.304 
       <./pictures/grupo6.jpg>] [60pdfTeX warning (ext4): destination with the 
same identifier (name{figure.3.9}) has been already used, duplicate ignored

\AtBegShi@Output ...ipout \box \AtBeginShipoutBox 
                                                  \fi \fi 
l.319 E
       n el grupo 13 se encuentran trabajos de grado en temáticas de ordena...
 <./pictures/grafocul0.png>]
<pictures/grupo22.jpg, id=650, 414.79968pt x 358.33875pt>
File: pictures/grupo22.jpg Graphic file (type jpg)
<use pictures/grupo22.jpg>
Package pdftex.def Info: pictures/grupo22.jpg  used on input line 327.
(pdftex.def)             Requested size: 355.09187pt x 306.76556pt.
<pictures/grupo1especies.png, id=652, 633.86812pt x 364.36125pt>
File: pictures/grupo1especies.png Graphic file (type png)
<use pictures/grupo1especies.png>
Package pdftex.def Info: pictures/grupo1especies.png  used on input line 335.
(pdftex.def)             Requested size: 443.86316pt x 255.1512pt.
 [61pdfTeX warning (ext4): destination with the same identifier (name{figure.3.
10}) has been already used, duplicate ignored

\AtBegShi@Output ...ipout \box \AtBeginShipoutBox 
                                                  \fi \fi 
l.339 
       <./pictures/grupo22.jpg>]
<pictures/grupo25.jpg, id=661, 466.74374pt x 284.56313pt>
File: pictures/grupo25.jpg Graphic file (type jpg)
<use pictures/grupo25.jpg>
Package pdftex.def Info: pictures/grupo25.jpg  used on input line 342.
(pdftex.def)             Requested size: 355.09187pt x 216.50035pt.
 [62pdfTeX warning (ext4): destination with the same identifier (name{figure.3.
11}) has been already used, duplicate ignored

\AtBegShi@Output ...ipout \box \AtBeginShipoutBox 
                                                  \fi \fi 
l.348 
      pdfTeX warning (ext4): destination with the same identifier (name{figure.
3.12}) has been already used, duplicate ignored

\AtBegShi@Output ...ipout \box \AtBeginShipoutBox 
                                                  \fi \fi 
l.348 
       <./pictures/grupo1especies.png> <./pictures/grupo25.jpg>]
<pictures/ordenaminetoimg.jpg, id=669, 536.75531pt x 371.88937pt>
File: pictures/ordenaminetoimg.jpg Graphic file (type jpg)
<use pictures/ordenaminetoimg.jpg>
Package pdftex.def Info: pictures/ordenaminetoimg.jpg  used on input line 360.
(pdftex.def)             Requested size: 443.86316pt x 307.52751pt.
<pictures/grupo28.jpg, id=671, 457.71pt x 293.59688pt>
File: pictures/grupo28.jpg Graphic file (type jpg)
<use pictures/grupo28.jpg>
Package pdftex.def Info: pictures/grupo28.jpg  used on input line 368.
(pdftex.def)             Requested size: 355.09187pt x 227.78162pt.
 [63pdfTeX warning (ext4): destination with the same identifier (name{figure.3.
13}) has been already used, duplicate ignored

\AtBegShi@Output ...ipout \box \AtBeginShipoutBox 
                                                  \fi \fi 
l.371 \end{figure}
                   <./pictures/ordenaminetoimg.jpg>]
<pictures/grupo7.jpg, id=678, 376.40625pt x 222.07968pt>
File: pictures/grupo7.jpg Graphic file (type jpg)
<use pictures/grupo7.jpg>
Package pdftex.def Info: pictures/grupo7.jpg  used on input line 377.
(pdftex.def)             Requested size: 355.09187pt x 209.52075pt.
 [64pdfTeX warning (ext4): destination with the same identifier (name{figure.3.
14}) has been already used, duplicate ignored

\AtBegShi@Output ...ipout \box \AtBeginShipoutBox 
                                                  \fi \fi 
l.381 
       <./pictures/grupo28.jpg>]
<pictures/grupo8.jpg, id=684, 578.91281pt x 414.04688pt>
File: pictures/grupo8.jpg Graphic file (type jpg)
<use pictures/grupo8.jpg>
Package pdftex.def Info: pictures/grupo8.jpg  used on input line 388.
(pdftex.def)             Requested size: 355.09187pt x 253.96446pt.
 [65pdfTeX warning (ext4): destination with the same identifier (name{figure.3.
15}) has been already used, duplicate ignored

\AtBegShi@Output ...ipout \box \AtBeginShipoutBox 
                                                  \fi \fi 
l.392 
       <./pictures/grupo7.jpg>]
<pictures/grupo19.jpg, id=691, 456.20438pt x 341.77687pt>
File: pictures/grupo19.jpg Graphic file (type jpg)
<use pictures/grupo19.jpg>
Package pdftex.def Info: pictures/grupo19.jpg  used on input line 399.
(pdftex.def)             Requested size: 355.09187pt x 266.03207pt.
 [66pdfTeX warning (ext4): destination with the same identifier (name{figure.3.
16}) has been already used, duplicate ignored

\AtBegShi@Output ...ipout \box \AtBeginShipoutBox 
                                                  \fi \fi 
l.403 
       <./pictures/grupo8.jpg>]
<pictures/grafotarykdd.jpg, id=697, 444.91219pt x 270.25969pt>
File: pictures/grafotarykdd.jpg Graphic file (type jpg)
<use pictures/grafotarykdd.jpg>
Package pdftex.def Info: pictures/grafotarykdd.jpg  used on input line 407.
(pdftex.def)             Requested size: 355.09187pt x 215.7008pt.
 [67pdfTeX warning (ext4): destination with the same identifier (name{figure.3.
17}) has been already used, duplicate ignored

\AtBegShi@Output ...ipout \box \AtBeginShipoutBox 
                                                  \fi \fi 
l.411 
       <./pictures/grupo19.jpg>]
Underfull \hbox (badness 1584) in paragraph at lines 437--437
\T1/lmr/m/n/12 fi-co pa-ra el Sis-te-ma de
 []


Underfull \hbox (badness 2080) in paragraph at lines 437--437
\T1/lmr/m/n/12 mien-ta ge-n-ri-ca pa-ra el
 []


Underfull \hbox (badness 1442) in paragraph at lines 437--437
[]|\T1/lmr/m/n/12 EXDACLET: He-rra-mien-
 []

[68pdfTeX warning (ext4): destination with the same identifier (name{figure.3.1
8}) has been already used, duplicate ignored

\AtBegShi@Output ...ipout \box \AtBeginShipoutBox 
                                                  \fi \fi 
l.440 
       <./pictures/grafotarykdd.jpg>]
Underfull \hbox (badness 5475) in paragraph at lines 451--451
[]|\T1/lmr/m/n/12 RASEMUS: Una he-rra-
 []


Underfull \hbox (badness 10000) in paragraph at lines 451--451
[]|\T1/lmr/m/n/12 POLARIS: He-rra-mien-ta
 []

[69pdfTeX warning (ext4): destination with the same identifier (name{table.3.3}
) has been already used, duplicate ignored

\AtBegShi@Output ...ipout \box \AtBeginShipoutBox 
                                                  \fi \fi 
l.454 
      ]
Underfull \hbox (badness 1057) in paragraph at lines 476--476
[]|\T1/lmr/m/n/12 Implementacin de re-des
 []


Underfull \hbox (badness 10000) in paragraph at lines 476--476
\T1/lmr/m/n/12 neu-ro-na-les ar-ti-fi-cia-les
 []


Underfull \hbox (badness 10000) in paragraph at lines 476--476
\T1/lmr/m/n/12 en hard-wa-re re-con-fi-gu-
 []


Underfull \hbox (badness 10000) in paragraph at lines 476--476
\T1/lmr/m/n/12 ra-ble.Implementacin
 []


Underfull \hbox (badness 2717) in paragraph at lines 476--476
\T1/lmr/m/n/12 de re-des neu-ro-na-les ar-
 []


Underfull \hbox (badness 10000) in paragraph at lines 476--476
\T1/lmr/m/n/12 ti-fi-cia-les en hard-wa-re
 []


Underfull \hbox (badness 2689) in paragraph at lines 476--476
\T1/lmr/m/n/12 de-bi-das a es-fuer-zos, vi-
 []


Underfull \hbox (badness 2717) in paragraph at lines 476--476
\T1/lmr/m/n/12 ti-ca ba-sa-da en tc-ni-cas
 []


Underfull \hbox (badness 1142) in paragraph at lines 476--476
[]|\T1/lmr/m/n/12 Deteccin au-to-m-ti-ca de
 []


Underfull \hbox (badness 1057) in paragraph at lines 476--476
\T1/lmr/m/n/12 re-gis-tros ss-mi-cos aso-cia-
 []


Underfull \hbox (badness 5741) in paragraph at lines 476--476
\T1/lmr/m/n/12 vol-cn ga-le-ras ha-cien-do
 []

[70]
Underfull \hbox (badness 2318) in paragraph at lines 493--493
[]|\T1/lmr/m/n/12 Identificacin de aves a
 []

[71pdfTeX warning (ext4): destination with the same identifier (name{table.3.4}
) has been already used, duplicate ignored

\AtBegShi@Output ...ipout \box \AtBeginShipoutBox 
                                                  \fi \fi 
l.496 
      ]
Underfull \hbox (badness 1142) in paragraph at lines 515--515
[]|\T1/lmr/m/n/12 Deteccin au-to-m-ti-ca de
 []


Underfull \hbox (badness 1057) in paragraph at lines 515--515
\T1/lmr/m/n/12 re-gis-tros ss-mi-cos aso-cia-
 []


Underfull \hbox (badness 5741) in paragraph at lines 515--515
\T1/lmr/m/n/12 vol-cn ga-le-ras ha-cien-do
 []


Underfull \hbox (badness 2772) in paragraph at lines 515--515
\T1/lmr/m/n/12 dis-tri-bu-cin de am-pli-tu-
 []


Underfull \hbox (badness 3503) in paragraph at lines 515--515
\T1/lmr/m/n/12 gis-tro, tras-mi-sin y re-
 []

[72]) (capitulo4.tex [73pdfTeX warning (ext4): destination with the same identi
fier (name{table.3.5}) has been already used, duplicate ignored

\AtBegShi@Output ...ipout \box \AtBeginShipoutBox 
                                                  \fi \fi 
l.1 \chapter
            {Discusión }]
Cap\'{\i }tulo 4.
[74

]
<pictures/CoefSilTFidf.png, id=740, 867.24pt x 939.51pt>
File: pictures/CoefSilTFidf.png Graphic file (type png)
<use pictures/CoefSilTFidf.png>
Package pdftex.def Info: pictures/CoefSilTFidf.png  used on input line 32.
(pdftex.def)             Requested size: 355.09187pt x 384.6855pt.
 [75pdfTeX warning (ext4): destination with the same identifier (name{table.4.1
}) has been already used, duplicate ignored

\AtBegShi@Output ...ipout \box \AtBeginShipoutBox 
                                                  \fi \fi 
l.36 
     ]
<pictures/CoefSilgeneral.png, id=747, 867.24pt x 939.51pt>
File: pictures/CoefSilgeneral.png Graphic file (type png)
<use pictures/CoefSilgeneral.png>
Package pdftex.def Info: pictures/CoefSilgeneral.png  used on input line 40.
(pdftex.def)             Requested size: 355.09187pt x 384.6855pt.
 [76pdfTeX warning (ext4): destination with the same identifier (name{figure.4.
1}) has been already used, duplicate ignored

\AtBegShi@Output ...ipout \box \AtBeginShipoutBox 
                                                  \fi \fi 
l.44 
      <./pictures/CoefSilTFidf.png>] [77pdfTeX warning (ext4): destination with
 the same identifier (name{figure.4.2}) has been already used, duplicate ignore
d

\AtBegShi@Output ...ipout \box \AtBeginShipoutBox 
                                                  \fi \fi 
l.49 
      <./pictures/CoefSilgeneral.png>]
<pictures/clasificadoresA.png, id=766, 867.24pt x 505.89pt>

! Illegal unit of measure (pt inserted).
<to be read again> 
                   \relax 
l.337 ...5\textwidth ,height=350]{clasificadoresA}
                                                  
? 
File: pictures/clasificadoresA.png Graphic file (type png)
<use pictures/clasificadoresA.png>
Package pdftex.def Info: pictures/clasificadoresA.png  used on input line 337.
(pdftex.def)             Requested size: 221.93063pt x 350.00621pt.
<pictures/clasificadoresF1.png, id=767, 867.24pt x 505.89pt>
! Illegal unit of measure (pt inserted).
<to be read again> 
                   \relax 
l.338 ...\textwidth ,height=350]{clasificadoresF1}
                                                  
? 
File: pictures/clasificadoresF1.png Graphic file (type png)
<use pictures/clasificadoresF1.png>
Package pdftex.def Info: pictures/clasificadoresF1.png  used on input line 338.

(pdftex.def)             Requested size: 221.93063pt x 350.00621pt.

Overfull \hbox (2.60918pt too wide) in paragraph at lines 337--339
[][] []
 []

[78] [79pdfTeX warning (ext4): destination with the same identifier (name{figur
e.4.3}) has been already used, duplicate ignored

\AtBegShi@Output ...ipout \box \AtBeginShipoutBox 
                                                  \fi \fi 
l.346 
       <./pictures/clasificadoresA.png> <./pictures/clasificadoresF1.png>]
<pictures/matrixbost.jpg, id=786, 578.91281pt x 434.37282pt>
File: pictures/matrixbost.jpg Graphic file (type jpg)
<use pictures/matrixbost.jpg>
Package pdftex.def Info: pictures/matrixbost.jpg  used on input line 348.
(pdftex.def)             Requested size: 355.09187pt x 266.43181pt.

[80pdfTeX warning (ext4): destination with the same identifier (name{figure.4.4
}) has been already used, duplicate ignored

\AtBegShi@Output ...ipout \box \AtBeginShipoutBox 
                                                  \fi \fi 
l.357 
       <./pictures/matrixbost.jpg>]) (conclusion.tex [81]
Cap\'{\i }tulo 5.
) (tesis.bbl [82

]
** WARNING: IEEEtran.bst: No hyphenation pattern has been
** loaded for the language `es'. Using the pattern for
** the default language instead.
** WARNING: IEEEtran.bst: No hyphenation pattern has been
** loaded for the language `es'. Using the pattern for
** the default language instead.
[83

]
** WARNING: IEEEtran.bst: No hyphenation pattern has been
** loaded for the language `es'. Using the pattern for
** the default language instead.
** WARNING: IEEEtran.bst: No hyphenation pattern has been
** loaded for the language `es'. Using the pattern for
** the default language instead.
[84]
Underfull \hbox (badness 10000) in paragraph at lines 161--165
\T1/lmr/m/n/12 com / qu4nt / reducir-[]el-[]n % C3 % BAmero-[]de-[]palabras-[]d
e-[]un-[]texto-[]lematizaci % C3 %
 []

[85] [86]) [87]
Package atveryend Info: Empty hook `BeforeClearDocument' on input line 162.
Package atveryend Info: Empty hook `AfterLastShipout' on input line 162.
 (tesis.aux
LaTeX Info: Redefining \. on input line 26.
LaTeX Info: Redefining \% on input line 26.
LaTeX Info: Redefining \. on input line 27.
LaTeX Info: Redefining \% on input line 27.
LaTeX Info: Redefining \. on input line 29.
LaTeX Info: Redefining \% on input line 29.
)
Package atveryend Info: Executing hook `AtVeryEndDocument' on input line 162.
Package atveryend Info: Executing hook `AtEndAfterFileList' on input line 162.
Package rerunfilecheck Info: File `tesis.out' has not changed.
(rerunfilecheck)             Checksum: EE9C683E1A33C293616EE842E53EE093;2049.


LaTeX Warning: There were multiply-defined labels.

Package atveryend Info: Empty hook `AtVeryVeryEnd' on input line 162.
 ) 
Here is how much of TeX's memory you used:
 11058 strings out of 480790
 163610 string characters out of 2896832
 451092 words of memory out of 3000000
 26499 multiletter control sequences out of 15000+200000
 582502 words of font info for 79 fonts, out of 3000000 for 9000
 1147 hyphenation exceptions out of 8191
 37i,12n,36p,1598b,672s stack positions out of 5000i,500n,10000p,200000b,50000s
{C:/Users/JBARCO/AppData/Local/Programs/MiKTeX/fonts/enc/dvips/lm/lm-rm.enc}{
C:/Users/JBARCO/AppData/Local/Programs/MiKTeX/fonts/enc/dvips/lm/lm-mathit.enc}
{C:/Users/JBARCO/AppData/Local/Programs/MiKTeX/fonts/enc/dvips/lm/lm-ec.enc}{C:
/Users/JBARCO/AppData/Local/Programs/MiKTeX/fonts/enc/dvips/lm/lm-mathsy.enc}{C
:/Users/JBARCO/AppData/Local/Programs/MiKTeX/fonts/enc/dvips/lm/lm-ts1.enc}<C:/
Users/JBARCO/AppData/Local/Programs/MiKTeX/fonts/type1/public/lm/lmbx10.pfb><C:
/Users/JBARCO/AppData/Local/Programs/MiKTeX/fonts/type1/public/lm/lmbx12.pfb><C
:/Users/JBARCO/AppData/Local/Programs/MiKTeX/fonts/type1/public/lm/lmmi10.pfb><
C:/Users/JBARCO/AppData/Local/Programs/MiKTeX/fonts/type1/public/lm/lmmi12.pfb>
<C:/Users/JBARCO/AppData/Local/Programs/MiKTeX/fonts/type1/public/lm/lmmi6.pfb>
<C:/Users/JBARCO/AppData/Local/Programs/MiKTeX/fonts/type1/public/lm/lmmi8.pfb>
<C:/Users/JBARCO/AppData/Local/Programs/MiKTeX/fonts/type1/public/lm/lmr10.pfb>
<C:/Users/JBARCO/AppData/Local/Programs/MiKTeX/fonts/type1/public/lm/lmr12.pfb>
<C:/Users/JBARCO/AppData/Local/Programs/MiKTeX/fonts/type1/public/lm/lmr8.pfb><
C:/Users/JBARCO/AppData/Local/Programs/MiKTeX/fonts/type1/public/lm/lmri12.pfb>
<C:/Users/JBARCO/AppData/Local/Programs/MiKTeX/fonts/type1/public/lm/lmsy10.pfb
><C:/Users/JBARCO/AppData/Local/Programs/MiKTeX/fonts/type1/public/lm/lmsy6.pfb
><C:/Users/JBARCO/AppData/Local/Programs/MiKTeX/fonts/type1/public/lm/lmsy8.pfb
><C:/Users/JBARCO/AppData/Local/Programs/MiKTeX/fonts/type1/public/lm/lmtt12.pf
b>
Output written on tesis.pdf (87 pages, 1651568 bytes).
PDF statistics:
 940 PDF objects out of 1000 (max. 8388607)
 233 named destinations out of 1000 (max. 500000)
 407 words of extra memory for PDF output out of 10000 (max. 10000000)

